<?xml version="1.0" encoding="UTF-8"?>
<!-- Generated by org.testng.reporters.JUnitReportReporter -->
<testsuite hostname="DESKTOP-CEKRUF5" failures="0" tests="2" name="tests.GetAndPostExamples" time="3.017" errors="0" timestamp="2024-08-15T18:04:48 EEST" skipped="0">
  <testcase classname="tests.GetAndPostExamples" name="testGet" time="2.626"/>
  <testcase classname="tests.GetAndPostExamples" name="testPost" time="0.391"/>
</testsuite> <!-- tests.GetAndPostExamples -->
