<?xml version="1.0" encoding="UTF-8"?>
<!-- Generated by org.testng.reporters.JUnitReportReporter -->
<testsuite hostname="DESKTOP-CEKRUF5" failures="0" tests="3" name="tests.PutPatchAndDeleteExamples" time="3.084" errors="0" timestamp="2024-08-15T18:04:17 EEST" skipped="0">
  <testcase classname="tests.PutPatchAndDeleteExamples" name="testPatch" time="0.492"/>
  <testcase classname="tests.PutPatchAndDeleteExamples" name="testPut" time="0.326"/>
  <testcase classname="tests.PutPatchAndDeleteExamples" name="testDelete" time="2.266"/>
</testsuite> <!-- tests.PutPatchAndDeleteExamples -->
