<?xml version="1.0" encoding="UTF-8"?>
<!-- Generated by org.testng.reporters.JUnitReportReporter -->
<testsuite hostname="DESKTOP-CEKRUF5" failures="0" tests="1" name="tests.SoapXMLRequest" time="2.091" errors="0" timestamp="2024-08-15T19:00:06 EEST" skipped="0">
  <testcase classname="tests.SoapXMLRequest" name="validateSoapXML" time="2.091"/>
</testsuite> <!-- tests.SoapXMLRequest -->
