<?xml version="1.0" encoding="UTF-8"?>
<!-- Generated by org.testng.reporters.JUnitReportReporter -->
<testsuite hostname="DESKTOP-CEKRUF5" failures="0" tests="1" name="tests.SoapXMLRequest" time="3.146" errors="0" timestamp="2024-08-15T20:51:31 EEST" skipped="0">
  <testcase classname="tests.SoapXMLRequest" name="validateSoapXML" time="3.146"/>
</testsuite> <!-- tests.SoapXMLRequest -->
