<?xml version="1.0" encoding="UTF-8"?>
<!-- Generated by org.testng.reporters.JUnitReportReporter -->
<testsuite hostname="DESKTOP-CEKRUF5" failures="0" tests="2" name="tests.GetAndPostExamples" time="3.007" errors="0" timestamp="2024-08-15T17:52:41 EEST" skipped="0">
  <testcase classname="tests.GetAndPostExamples" name="testGet" time="2.570"/>
  <testcase classname="tests.GetAndPostExamples" name="testPost" time="0.437"/>
</testsuite> <!-- tests.GetAndPostExamples -->
