<?xml version="1.0" encoding="UTF-8"?>
<!-- Generated by org.testng.reporters.JUnitReportReporter -->
<testsuite hostname="DESKTOP-CEKRUF5" failures="0" tests="2" name="tests.TestExamples" time="3.010" errors="0" timestamp="2024-08-15T17:26:31 EEST" skipped="0">
  <testcase classname="tests.TestExamples" name="firstTest" time="2.023"/>
  <testcase classname="tests.TestExamples" name="secondTest" time="0.987"/>
</testsuite> <!-- tests.TestExamples -->
